<?xml version="1.0" encoding="UTF-8"?>
<!-- Generated by org.testng.reporters.JUnitReportReporter -->
<testsuite skipped="0" hostname="NDI-LAP-859" name="com.saucedemo.testcases.LoginTest" tests="2" failures="0" timestamp="2022-07-15T11:05:13 IST" time="4.662" errors="0">
  <testcase name="loginApp" time="0.809" classname="com.saucedemo.testcases.LoginTest"/>
  <system-out/>
  <testcase name="verifyCheckout" time="3.853" classname="com.saucedemo.testcases.LoginTest"/>
  <system-out/>
</testsuite> <!-- com.saucedemo.testcases.LoginTest -->
